#
# There is insufficient memory for the Java Runtime Environment to continue.
# Native memory allocation (mmap) failed to map 134217728 bytes. Error detail: G1 virtual space
# Possible reasons:
#   The system is out of physical RAM or swap space
#   This process is running with CompressedOops enabled, and the Java Heap may be blocking the growth of the native heap
# Possible solutions:
#   Reduce memory load on the system
#   Increase physical memory or swap space
#   Check if swap backing store is full
#   Decrease Java heap size (-Xmx/-Xms)
#   Decrease number of Java threads
#   Decrease Java thread stack sizes (-Xss)
#   Set larger code cache with -XX:ReservedCodeCacheSize=
#   JVM is running with Unscaled Compressed Oops mode in which the Java heap is
#     placed in the first 4GB address space. The Java Heap base address is the
#     maximum limit for the native heap growth. Please use -XX:HeapBaseMinAddress
#     to set the Java Heap base and to place the Java Heap above 4GB virtual address.
# This output file may be truncated or incomplete.
#
#  Out of Memory Error (os_windows.cpp:3703), pid=16612, tid=3712
#
# JRE version:  (23.0+37) (build )
# Java VM: Java HotSpot(TM) 64-Bit Server VM (23+37-2369, mixed mode, sharing, tiered, compressed oops, compressed class ptrs, g1 gc, windows-amd64)
# No core dump will be written. Minidumps are not enabled by default on client versions of Windows
#

---------------  S U M M A R Y ------------

Command Line: -Dfile.encoding=UTF-8 --module-path=C:\Users\MTBD\Documents\NetBeansProjects\Quiz or Exam Management System\build\classes allStudentResult

Host: Intel(R) Core(TM) i5-8350U CPU @ 1.70GHz, 8 cores, 7G,  Windows 10 , 64 bit Build 19041 (10.0.19041.5072)
Time: Sun Nov  3 17:58:21 2024 Bangladesh Standard Time elapsed time: 0.012560 seconds (0d 0h 0m 0s)

---------------  T H R E A D  ---------------

Current thread (0x00000200d43bcae0):  JavaThread "Unknown thread" [_thread_in_vm, id=3712, stack(0x0000007d9f700000,0x0000007d9f800000) (1024K)]

Stack: [0x0000007d9f700000,0x0000007d9f800000]
Native frames: (J=compiled Java code, j=interpreted, Vv=VM code, C=native code)
V  [jvm.dll+0x6e08a9]  (no source info available)
V  [jvm.dll+0x87da63]  (no source info available)
V  [jvm.dll+0x87feee]  (no source info available)
V  [jvm.dll+0x8805c3]  (no source info available)
V  [jvm.dll+0x27aee6]  (no source info available)
V  [jvm.dll+0x6dd1b5]  (no source info available)
V  [jvm.dll+0x6d103a]  (no source info available)
V  [jvm.dll+0x35b3ea]  (no source info available)
V  [jvm.dll+0x3637f6]  (no source info available)
V  [jvm.dll+0x34fd5e]  (no source info available)
V  [jvm.dll+0x34fff8]  (no source info available)
V  [jvm.dll+0x3289cc]  (no source info available)
V  [jvm.dll+0x32966e]  (no source info available)
V  [jvm.dll+0x8442e5]  (no source info available)
V  [jvm.dll+0x3b9848]  (no source info available)
V  [jvm.dll+0x82d0dc]  (no source info available)
V  [jvm.dll+0x454d4e]  (no source info available)
V  [jvm.dll+0x456bd1]  (no source info available)
C  [jli.dll+0x52a3]  (no source info available)
C  [ucrtbase.dll+0x21bb2]  (no source info available)
C  [KERNEL32.DLL+0x17374]  (no source info available)
C  [ntdll.dll+0x4cc91]  (no source info available)

Lock stack of current Java thread (top to bottom):


---------------  P R O C E S S  ---------------

Threads class SMR info:
_java_thread_list=0x00007ff89d1b3618, length=0, elements={
}

Java Threads: ( => current thread )
Total: 0

Other Threads:
  0x00000200d6692b30 WorkerThread "GC Thread#0"                     [id=20736, stack(0x0000007d9f800000,0x0000007d9f900000) (1024K)]
  0x00000200d66a76d0 ConcurrentGCThread "G1 Main Marker"            [id=7608, stack(0x0000007d9f900000,0x0000007d9fa00000) (1024K)]
  0x00000200d66a8390 WorkerThread "G1 Conc#0"                       [id=12172, stack(0x0000007d9fa00000,0x0000007d9fb00000) (1024K)]

[error occurred during error reporting (printing all threads), id 0xc0000005, EXCEPTION_ACCESS_VIOLATION (0xc0000005) at pc=0x00007ff89c8fbfba]
VM state: not at safepoint (not fully initialized)

VM Mutex/Monitor currently owned by a thread:  ([mutex/lock_event])
[0x00007ff89d233a10] Heap_lock - owner thread: 0x00000200d43bcae0

Heap address: 0x0000000081e00000, size: 2018 MB, Compressed Oops mode: 32-bit

CDS archive(s) mapped at: [0x0000000000000000-0x0000000000000000-0x0000000000000000), size 0, SharedBaseAddress: 0x0000000800000000, ArchiveRelocationMode: 1.
Narrow klass base: 0x0000000000000000, Narrow klass shift: 0, Narrow klass range: 0x0

GC Precious Log:
 CardTable entry size: 512
 Card Set container configuration: InlinePtr #cards 5 size 8 Array Of Cards #cards 10 size 36 Howl #buckets 4 coarsen threshold 1843 Howl Bitmap #cards 512 size 80 coarsen threshold 460 Card regions per heap region 1 cards per card region 2048

Heap:
 garbage-first heap   total reserved 2066432K, committed 0K, used 0K [0x0000000081e00000, 0x0000000100000000)
  region size 1024K, 0 young (0K), 0 survivors (0K)

[error occurred during error reporting (printing heap information), id 0xc0000005, EXCEPTION_ACCESS_VIOLATION (0xc0000005) at pc=0x00007ff89ccfc3b9]
GC Heap History (0 events):
No events

Dll operation events (1 events):
Event: 0.007 Loaded shared library C:\Program Files\Java\jdk-23\bin\java.dll

Deoptimization events (0 events):
No events

Classes loaded (0 events):
No events

Classes unloaded (0 events):
No events

Classes redefined (0 events):
No events

Internal exceptions (0 events):
No events

VM Operations (0 events):
No events

Memory protections (0 events):
No events

Nmethod flushes (0 events):
No events

Events (0 events):
No events


Dynamic libraries:
0x00007ff6809a0000 - 0x00007ff6809b0000 	C:\Program Files\Java\jdk-23\bin\java.exe
0x00007ff912370000 - 0x00007ff912568000 	C:\Windows\SYSTEM32\ntdll.dll
0x00007ff911620000 - 0x00007ff9116e2000 	C:\Windows\System32\KERNEL32.DLL
0x00007ff90ff90000 - 0x00007ff91028e000 	C:\Windows\System32\KERNELBASE.dll
0x00007ff90faa0000 - 0x00007ff90fba0000 	C:\Windows\System32\ucrtbase.dll
0x00007ff8fad30000 - 0x00007ff8fad4b000 	C:\Program Files\Java\jdk-23\bin\VCRUNTIME140.dll
0x00007ff8f7db0000 - 0x00007ff8f7dc7000 	C:\Program Files\Java\jdk-23\bin\jli.dll
0x00007ff9120d0000 - 0x00007ff91226d000 	C:\Windows\System32\USER32.dll
0x00007ff910290000 - 0x00007ff9102b2000 	C:\Windows\System32\win32u.dll
0x00007ff8f5110000 - 0x00007ff8f53aa000 	C:\Windows\WinSxS\amd64_microsoft.windows.common-controls_6595b64144ccf1df_6.0.19041.4355_none_60b8b9eb71f62e16\COMCTL32.dll
0x00007ff911060000 - 0x00007ff91108b000 	C:\Windows\System32\GDI32.dll
0x00007ff911c40000 - 0x00007ff911cde000 	C:\Windows\System32\msvcrt.dll
0x00007ff90fe70000 - 0x00007ff90ff87000 	C:\Windows\System32\gdi32full.dll
0x00007ff9102c0000 - 0x00007ff91035d000 	C:\Windows\System32\msvcp_win.dll
0x00007ff9104c0000 - 0x00007ff9104ef000 	C:\Windows\System32\IMM32.DLL
0x00007ff90aa60000 - 0x00007ff90aa6c000 	C:\Program Files\Java\jdk-23\bin\vcruntime140_1.dll
0x00007ff8ef5b0000 - 0x00007ff8ef63e000 	C:\Program Files\Java\jdk-23\bin\msvcp140.dll
0x00007ff89c5c0000 - 0x00007ff89d30f000 	C:\Program Files\Java\jdk-23\bin\server\jvm.dll
0x00007ff911a80000 - 0x00007ff911b31000 	C:\Windows\System32\ADVAPI32.dll
0x00007ff9119e0000 - 0x00007ff911a7f000 	C:\Windows\System32\sechost.dll
0x00007ff910390000 - 0x00007ff9104b3000 	C:\Windows\System32\RPCRT4.dll
0x00007ff910360000 - 0x00007ff910387000 	C:\Windows\System32\bcrypt.dll
0x00007ff911bc0000 - 0x00007ff911c2b000 	C:\Windows\System32\WS2_32.dll
0x00007ff90efa0000 - 0x00007ff90efeb000 	C:\Windows\SYSTEM32\POWRPROF.dll
0x00007ff905940000 - 0x00007ff90594a000 	C:\Windows\SYSTEM32\VERSION.dll
0x00007ff8f9c00000 - 0x00007ff8f9c27000 	C:\Windows\SYSTEM32\WINMM.dll
0x00007ff90ee10000 - 0x00007ff90ee22000 	C:\Windows\SYSTEM32\UMPDC.dll
0x00007ff90e260000 - 0x00007ff90e272000 	C:\Windows\SYSTEM32\kernel.appcore.dll
0x00007ff90a7b0000 - 0x00007ff90a7ba000 	C:\Program Files\Java\jdk-23\bin\jimage.dll
0x00007ff90ce80000 - 0x00007ff90d064000 	C:\Windows\SYSTEM32\DBGHELP.DLL
0x00007ff9067b0000 - 0x00007ff9067e4000 	C:\Windows\SYSTEM32\dbgcore.DLL
0x00007ff90fa10000 - 0x00007ff90fa92000 	C:\Windows\System32\bcryptPrimitives.dll
0x00007ff8fa920000 - 0x00007ff8fa93e000 	C:\Program Files\Java\jdk-23\bin\java.dll
0x00007ff911800000 - 0x00007ff91192b000 	C:\Windows\System32\ole32.dll
0x00007ff911ce0000 - 0x00007ff912033000 	C:\Windows\System32\combase.dll
0x00007ff9108f0000 - 0x00007ff91105d000 	C:\Windows\System32\SHELL32.dll

dbghelp: loaded successfully - version: 4.0.5 - missing functions: none
symbol engine: initialized successfully - sym options: 0x614 - pdb path: .;C:\Program Files\Java\jdk-23\bin;C:\Windows\SYSTEM32;C:\Windows\WinSxS\amd64_microsoft.windows.common-controls_6595b64144ccf1df_6.0.19041.4355_none_60b8b9eb71f62e16;C:\Program Files\Java\jdk-23\bin\server

VM Arguments:
jvm_args: -Dfile.encoding=UTF-8 --module-path=C:\Users\MTBD\Documents\NetBeansProjects\Quiz or Exam Management System\build\classes 
java_command: allStudentResult
java_class_path (initial): C:\Program Files\NetBeans-23\netbeans\java\modules\ext\AbsoluteLayout.jar;C:\Users\MTBD\Downloads\mysql-connector-j-9.1.0 (1)\mysql-connector-j-9.1.0\mysql-connector-j-9.1.0.jar;C:\Users\MTBD\Downloads\rs2xml.jar;C:\Users\MTBD\Documents\NetBeansProjects\Quiz or Exam Management System\build\classes
Launcher Type: SUN_STANDARD

[Global flags]
     intx CICompilerCount                          = 4                                         {product} {ergonomic}
     uint ConcGCThreads                            = 2                                         {product} {ergonomic}
     uint G1ConcRefinementThreads                  = 8                                         {product} {ergonomic}
   size_t G1HeapRegionSize                         = 1048576                                   {product} {ergonomic}
   size_t InitialHeapSize                          = 134217728                                 {product} {ergonomic}
   size_t MarkStackSize                            = 4194304                                   {product} {ergonomic}
   size_t MarkStackSizeMax                         = 536870912                                 {product} {ergonomic}
   size_t MaxHeapSize                              = 2116026368                                {product} {ergonomic}
   size_t MinHeapDeltaBytes                        = 1048576                                   {product} {ergonomic}
   size_t MinHeapSize                              = 8388608                                   {product} {ergonomic}
    uintx NonNMethodCodeHeapSize                   = 5832704                                {pd product} {ergonomic}
    uintx NonProfiledCodeHeapSize                  = 122945536                              {pd product} {ergonomic}
    uintx ProfiledCodeHeapSize                     = 122880000                              {pd product} {ergonomic}
    uintx ReservedCodeCacheSize                    = 251658240                              {pd product} {ergonomic}
     bool SegmentedCodeCache                       = true                                      {product} {ergonomic}
   size_t SoftMaxHeapSize                          = 2116026368                             {manageable} {ergonomic}
     bool UseCompressedOops                        = true                           {product lp64_product} {ergonomic}
     bool UseG1GC                                  = true                                      {product} {ergonomic}
     bool UseLargePagesIndividualAllocation        = false                                  {pd product} {ergonomic}

Logging:
Log output configuration:
 #0: stdout all=warning uptime,level,tags foldmultilines=false
 #1: stderr all=off uptime,level,tags foldmultilines=false

Environment Variables:
JAVA_HOME=C:\Program Files\Eclipse Adoptium\jdk-17.0.12.7-hotspot\
PATH=C:\Program Files\Common Files\Oracle\Java\javapath;C:\Program Files\Eclipse Adoptium\jdk-17.0.12.7-hotspot\bin;C:\Program Files\Python312\Scripts\;C:\Program Files\Python312\;C:\Windows\system32;C:\Windows;C:\Windows\System32\Wbem;C:\Windows\System32\WindowsPowerShell\v1.0\;C:\Windows\System32\OpenSSH\;C:\Program Files\Intel\WiFi\bin\;C:\Program Files\Common Files\Intel\WirelessCommon\;C:\Program Files\Git\cmd;C:\Program Files\Cloudflare\Cloudflare WARP\;C:\Program Files\MySQL\MySQL Server 8.0\bin;C:\xampp\mysql\bin\mysqld.exe;C:\Users\MTBD\AppData\Local\Programs\Python\Launcher\;C:\Users\MTBD\AppData\Local\Microsoft\WindowsApps;C:\Users\MTBD\AppData\Local\Programs\Microsoft VS Code\bin;C:\Program Files\MySQL\MySQL Server 8.0\bin;C:\xampp\mysql\bin\mysqld.exe;
USERNAME=MTBD
OS=Windows_NT
PROCESSOR_IDENTIFIER=Intel64 Family 6 Model 142 Stepping 10, GenuineIntel
TMP=C:\Users\MTBD\AppData\Local\Temp
TEMP=C:\Users\MTBD\AppData\Local\Temp




Periodic native trim disabled

---------------  S Y S T E M  ---------------

OS:
 Windows 10 , 64 bit Build 19041 (10.0.19041.5072)
OS uptime: 8 days 22:03 hours

CPU: total 8 (initial active 8) (4 cores per cpu, 2 threads per core) family 6 model 142 stepping 10 microcode 0xf4, cx8, cmov, fxsr, ht, mmx, 3dnowpref, sse, sse2, sse3, ssse3, sse4.1, sse4.2, popcnt, lzcnt, tsc, tscinvbit, avx, avx2, aes, erms, clmul, bmi1, bmi2, rtm, adx, fma, vzeroupper, clflush, clflushopt, rdtscp, f16c
Processor Information for the first 8 processors :
  Max Mhz: 1896, Current Mhz: 1696, Mhz Limit: 1687

Memory: 4k page, system-wide physical 8066M (832M free)
TotalPageFile size 20853M (AvailPageFile size 71M)
current process WorkingSet (physical memory assigned to process): 11M, peak: 11M
current process commit charge ("private bytes"): 60M, peak: 188M

vm_info: Java HotSpot(TM) 64-Bit Server VM (23+37-2369) for windows-amd64 JRE (23+37-2369), built on 2024-08-20T16:01:23Z with MS VC++ 17.6 (VS2022)

END.
